<?xml version="1.0" encoding="UTF-8"?>
<!-- Generated by org.testng.reporters.JUnitReportReporter -->
<testsuite skipped="0" hostname="DESKTOP-KN642OP" name="com.qa.testng.tests.WebElementScreenShotTest" tests="1" failures="0" timestamp="2023-10-15T00:37:18 IST" time="5.898" errors="0">
  <testcase name="doLogin" time="5.898" classname="com.qa.testng.tests.WebElementScreenShotTest"/>
  <system-out/>
</testsuite> <!-- com.qa.testng.tests.WebElementScreenShotTest -->
